time="2024-01-12T20:09:11+06:00" level=fatal msg="unable to ping database &{%!e(*pgconn.Config=&{localhost 5432 typeracer postgres Cicada_3301 0xc000051d40 120000000000 0x45c3e0 0x45c4a0 0x45b2c0 map[]   [0xc00005ec60] <nil> <nil> <nil> 0x49f020 true}) %!e(string=server error) %!e(*pgconn.PgError=&{\xc2\xc0\xc6\xcd\xce 3D000 \xe1\xe0\xe7\xe0 \xe4\xe0\xed\xed\xfb\xf5 \"typeracer\" \xed\xe5 \xf1\xf3\xf9\xe5\xf1\xf2\xe2\xf3\xe5\xf2   0 0        postinit.c 1021 InitPostgres})}\n" func="github.com/MamushevArup/typeracer/pkg/psql.(*psql).postgresUp()" file="postgres.go:38"
time="2024-01-12T20:11:51+06:00" level=fatal msg="unable to ping database failed to connect to `host=localhost user=postgres database=typeracer`: server error (\xc2\xc0\xc6\xcd\xce: \xe1\xe0\xe7\xe0 \xe4\xe0\xed\xed\xfb\xf5 \"typeracer\" \xed\xe5 \xf1\xf3\xf9\xe5\xf1\xf2\xe2\xf3\xe5\xf2 (SQLSTATE 3D000))\n" func="github.com/MamushevArup/typeracer/pkg/psql.(*psql).postgresUp()" file="postgres.go:38"
time="2024-01-12T20:30:55+06:00" level=fatal msg="unable to ping database failed to connect to `host=localhost user=postgres database=typeracer`: server error (\xc2\xc0\xc6\xcd\xce: \xe1\xe0\xe7\xe0 \xe4\xe0\xed\xed\xfb\xf5 \"typeracer\" \xed\xe5 \xf1\xf3\xf9\xe5\xf1\xf2\xe2\xf3\xe5\xf2 (SQLSTATE 3D000))\n" func="github.com/MamushevArup/typeracer/pkg/psql.(*psql).postgresUp()" file="postgres.go:34"
time="2024-01-12T20:33:20+06:00" level=info msg="connect to the database successfully" func="github.com/MamushevArup/typeracer/pkg/psql.(*psql).postgresUp()" file="postgres.go:37"
time="2024-01-12T20:35:31+06:00" level=fatal msg="unable to ping database failed to connect to `host=localhost user=postgres database=typeracer`: server error (\xc2\xc0\xc6\xcd\xce: \xe1\xe0\xe7\xe0 \xe4\xe0\xed\xed\xfb\xf5 \"typeracer\" \xed\xe5 \xf1\xf3\xf9\xe5\xf1\xf2\xe2\xf3\xe5\xf2 (SQLSTATE 3D000))\n" func="github.com/MamushevArup/typeracer/pkg/psql.(*psql).postgresUp()" file="postgres.go:34"
time="2024-01-12T20:39:47+06:00" level=fatal msg="unable to ping database failed to connect to `host=localhost user=postgres database=template0`: server error (\xc2\xc0\xc6\xcd\xce: \xe1\xe0\xe7\xe0 \"template0\" \xed\xe5 \xef\xf0\xe8\xed\xe8\xec\xe0\xe5\xf2 \xef\xee\xe4\xea\xeb\xfe\xf7\xe5\xed\xe8\xff \xe2 \xe4\xe0\xed\xed\xfb\xe9 \xec\xee\xec\xe5\xed\xf2 (SQLSTATE 55000))\n" func="github.com/MamushevArup/typeracer/pkg/psql.(*psql).postgresUp()" file="postgres.go:34"
time="2024-01-12T20:43:46+06:00" level=fatal msg="unable to ping database failed to connect to `host=localhost user=postgres database=s`: server error (\xc2\xc0\xc6\xcd\xce: \xe1\xe0\xe7\xe0 \xe4\xe0\xed\xed\xfb\xf5 \"s\" \xed\xe5 \xf1\xf3\xf9\xe5\xf1\xf2\xe2\xf3\xe5\xf2 (SQLSTATE 3D000))\n" func="github.com/MamushevArup/typeracer/pkg/psql.(*psql).postgresUp()" file="postgres.go:34"
time="2024-01-12T22:55:29+06:00" level=info msg="connect to the database successfully" func="github.com/MamushevArup/typeracer/pkg/psql.(*psql).postgresUp()" file="postgres.go:37"
time="2024-01-12T22:55:52+06:00" level=info msg="connect to the database successfully" func="github.com/MamushevArup/typeracer/pkg/psql.(*psql).postgresUp()" file="postgres.go:37"
time="2024-01-12T23:06:35+06:00" level=fatal msg="unable to ping database failed to connect to `host=docker.internal.host user=postgres database=typeracer`: hostname resolving error (lookup docker.internal.host: no such host)\n" func="github.com/MamushevArup/typeracer/pkg/psql.(*psql).postgresUp()" file="postgres.go:34"
time="2024-01-12T23:07:37+06:00" level=fatal msg="unable to ping database failed to connect to `host=typeracer user=postgres database=typeracer`: hostname resolving error (lookup typeracer: no such host)\n" func="github.com/MamushevArup/typeracer/pkg/psql.(*psql).postgresUp()" file="postgres.go:34"
time="2024-01-12T23:12:37+06:00" level=fatal msg="unable to ping database failed to connect to `host=host.docker.internal user=postgres database=typeracer`: dial error (dial tcp 192.168.100.14:5432: connectex: A connection attempt failed because the connected party did not properly respond after a period of time, or established connection failed because connected host has failed to respond.)\n" func="github.com/MamushevArup/typeracer/pkg/psql.(*psql).postgresUp()" file="postgres.go:34"
time="2024-01-12T23:19:03+06:00" level=fatal msg="unable to ping database failed to connect to `host=racer user=postgres database=typeracer`: hostname resolving error (lookup racer: no such host)\n" func="github.com/MamushevArup/typeracer/pkg/psql.(*psql).postgresUp()" file="postgres.go:34"
time="2024-01-12T23:20:35+06:00" level=info msg="connect to the database successfully" func="github.com/MamushevArup/typeracer/pkg/psql.(*psql).postgresUp()" file="postgres.go:37"
time="2024-01-12T23:26:00+06:00" level=info msg="connect to the database successfully" func="github.com/MamushevArup/typeracer/pkg/psql.(*psql).postgresUp()" file="postgres.go:36"
time="2024-01-12T23:26:26+06:00" level=info msg="connect to the database successfully" func="github.com/MamushevArup/typeracer/pkg/psql.(*psql).postgresUp()" file="postgres.go:36"
time="2024-01-12T23:26:47+06:00" level=info msg="connect to the database successfully" func="github.com/MamushevArup/typeracer/pkg/psql.(*psql).postgresUp()" file="postgres.go:36"
time="2024-01-18T05:01:51+06:00" level=error msg="can't start a transaction closed pool" func="github.com/MamushevArup/typeracer/internal/repository/postgres.(*repo).StartSingle()" file="postgres.go:46"
time="2024-01-18T05:08:57+06:00" level=error msg="can't scan to the go types number of field descriptions must equal number of values, got 1 and 0" func="github.com/MamushevArup/typeracer/internal/repository/postgres.(*repo).StartSingle()" file="postgres.go:58"
time="2024-01-18T21:26:14+06:00" level=error msg="can't scan to the go types can't scan into dest[0]: cannot scan uuid (OID 2950) in binary format into *[]uuid.UUID" func="github.com/MamushevArup/typeracer/internal/repository/postgres.(*repo).StartSingle()" file="postgres.go:65"
time="2024-01-18T21:42:43+06:00" level=error msg="can't scan racer data number of field descriptions must equal number of destinations, got 2 and 1" func="github.com/MamushevArup/typeracer/internal/repository/postgres.(*repo).StartSingle()" file="postgres.go:55"
time="2024-01-18T21:43:19+06:00" level=error msg="can't scan racer data number of field descriptions must equal number of destinations, got 2 and 1" func="github.com/MamushevArup/typeracer/internal/repository/postgres.(*repo).StartSingle()" file="postgres.go:55"
time="2024-01-18T21:47:24+06:00" level=error msg="can't scan racer data number of field descriptions must equal number of destinations, got 2 and 1" func="github.com/MamushevArup/typeracer/internal/repository/postgres.(*repo).StartSingle()" file="postgres.go:55"
time="2024-01-18T22:06:34+06:00" level=error msg="can't scan racer data scanning one: scanning: doing scan: starting: scany: to scan into a primitive type, columns number must be exactly 1, got: 2" func="github.com/MamushevArup/typeracer/internal/repository/postgres.(*repo).StartSingle()" file="postgres.go:56"
time="2024-01-18T22:14:27+06:00" level=error msg="can't scan text data scanning one: scanning: doing scan: scanFn: scany: column: 'content': no corresponding field found, or it's unexported in models.Single" func="github.com/MamushevArup/typeracer/internal/repository/postgres.(*repo).StartSingle()" file="postgres.go:64"
time="2024-01-22T22:05:04+06:00" level=error msg="unable to create a connection listen tcp :1000: bind: Only one usage of each socket address (protocol/network address/port) is normally permitted." func="main.main()" file="app.go:77"
time="2024-01-22T22:05:49+06:00" level=error msg="unable to create a connection listen tcp :1000: bind: Only one usage of each socket address (protocol/network address/port) is normally permitted." func="main.main()" file="app.go:77"
time="2024-01-22T22:39:34+06:00" level=error msg="can't scan racer data scanning one: no rows in result set" func="github.com/MamushevArup/typeracer/internal/repository/postgres.(*repo).StartSingle()" file="postgres.go:59"
time="2024-01-26T19:48:37+06:00" level=error msg="error with inserting into race_history ERROR: relation \"racehistory\" does not exist (SQLSTATE 42P01)" func="github.com/MamushevArup/typeracer/internal/repository/postgres.(*repo).EndSingleRace()" file="single-race.go:130"
time="2024-01-29T01:24:59+06:00" level=error msg="error with inserting into race_history ERROR: duplicate key value violates unique constraint \"race_history_pkey\" (SQLSTATE 23505)" func="github.com/MamushevArup/typeracer/internal/repository/postgres/single.(*repo).EndSingleRace()" file="single-race.go:131"
time="2024-01-29T01:30:06+06:00" level=error msg="error with inserting into race_history ERROR: INSERT has more expressions than target columns (SQLSTATE 42601)" func="github.com/MamushevArup/typeracer/internal/repository/postgres/single.(*repo).EndSingleRace()" file="single-race.go:131"
time="2024-01-29T01:31:57+06:00" level=error msg="error with inserting into single transaction failed ERROR: duplicate key value violates unique constraint \"single_pkey\" (SQLSTATE 23505)" func="github.com/MamushevArup/typeracer/internal/repository/postgres/single.(*repo).EndSingleRace()" file="single-race.go:125"
time="2024-01-29T04:20:52+06:00" level=error msg="can't fetch length from text no rows in result set" func="github.com/MamushevArup/typeracer/internal/repository/postgres/single.(*repo).GetTextLen()" file="single-race.go:151"
time="2024-01-29T23:39:53+06:00" level=error msg="error with inserting into single transaction failed ERROR: insert or update on table \"single\" violates foreign key constraint \"single_racer_id_fkey\" (SQLSTATE 23503)" func="github.com/MamushevArup/typeracer/internal/repository/postgres/single.(*repo).EndSingleRace()" file="single-race.go:125"
time="2024-01-29T23:52:01+06:00" level=error msg="error with inserting into single transaction failed ERROR: insert or update on table \"single\" violates foreign key constraint \"single_racer_id_fkey\" (SQLSTATE 23503)" func="github.com/MamushevArup/typeracer/internal/repository/postgres/single.(*repo).EndSingleRace()" file="single-race.go:125"
time="2024-01-29T23:54:53+06:00" level=error msg="error with inserting into single transaction failed ERROR: insert or update on table \"single\" violates foreign key constraint \"single_racer_id_fkey\" (SQLSTATE 23503)" func="github.com/MamushevArup/typeracer/internal/repository/postgres/single.(*repo).EndSingleRace()" file="single-race.go:126"
time="2024-01-29T23:56:52+06:00" level=error msg="error with inserting into single transaction failed ERROR: insert or update on table \"single\" violates foreign key constraint \"single_racer_id_fkey\" (SQLSTATE 23503)" func="github.com/MamushevArup/typeracer/internal/repository/postgres/single.(*repo).EndSingleRace()" file="single-race.go:126"
time="2024-01-30T00:23:24+06:00" level=error msg="can't scan racer data scanning one: scanning: doing scan: starting: scany: to scan into a primitive type, columns number must be exactly 1, got: 2" func="github.com/MamushevArup/typeracer/internal/repository/postgres/single.(*repo).StartSingle()" file="single-race.go:70"
time="2024-01-30T00:24:29+06:00" level=error msg="can't scan text data scanning one: scanning: doing scan: starting: scany: to scan into a primitive type, columns number must be exactly 1, got: 3" func="github.com/MamushevArup/typeracer/internal/repository/postgres/single.(*repo).StartSingle()" file="single-race.go:79"
time="2024-01-30T00:25:23+06:00" level=error msg="error with inserting into single transaction failed ERROR: insert or update on table \"single\" violates foreign key constraint \"single_racer_id_fkey\" (SQLSTATE 23503)" func="github.com/MamushevArup/typeracer/internal/repository/postgres/single.(*repo).EndSingleRace()" file="single-race.go:126"
time="2024-01-30T00:35:19+06:00" level=error msg="error with inserting into single transaction failed ERROR: insert or update on table \"single\" violates foreign key constraint \"single_racer_id_fkey\" (SQLSTATE 23503)" func="github.com/MamushevArup/typeracer/internal/repository/postgres/single.(*repo).EndSingleRace()" file="single-race.go:125"
time="2024-01-30T00:38:00+06:00" level=error msg="error with inserting into single transaction failed ERROR: insert or update on table \"single\" violates foreign key constraint \"single_racer_id_fkey\" (SQLSTATE 23503)" func="github.com/MamushevArup/typeracer/internal/repository/postgres/single.(*repo).EndSingleRace()" file="single-race.go:126"
time="2024-01-30T00:42:25+06:00" level=error msg="error with inserting into single transaction failed ERROR: insert or update on table \"single\" violates foreign key constraint \"single_racer_id_fkey\" (SQLSTATE 23503)" func="github.com/MamushevArup/typeracer/internal/repository/postgres/single.(*repo).EndSingleRace()" file="single-race.go:127"
time="2024-01-30T00:44:36+06:00" level=error msg="error with inserting into single transaction failed ERROR: insert or update on table \"single\" violates foreign key constraint \"single_racer_id_fkey\" (SQLSTATE 23503)" func="github.com/MamushevArup/typeracer/internal/repository/postgres/single.(*repo).EndSingleRace()" file="single-race.go:127"
time="2024-01-30T00:47:03+06:00" level=error msg="error with inserting into single transaction failed ERROR: insert or update on table \"single\" violates foreign key constraint \"single_racer_id_fkey\" (SQLSTATE 23503)" func="github.com/MamushevArup/typeracer/internal/repository/postgres/single.(*repo).EndSingleRace()" file="single-race.go:126"
time="2024-01-30T00:53:47+06:00" level=error msg="error with inserting into single transaction failed ERROR: insert or update on table \"single\" violates foreign key constraint \"single_racer_id_fkey\" (SQLSTATE 23503)" func="github.com/MamushevArup/typeracer/internal/repository/postgres/single.(*repo).EndSingleRace()" file="single-race.go:126"
time="2024-01-30T00:59:03+06:00" level=error msg="error with inserting into single transaction failed ERROR: insert or update on table \"single\" violates foreign key constraint \"single_racer_id_fkey\" (SQLSTATE 23503)" func="github.com/MamushevArup/typeracer/internal/repository/postgres/single.(*repo).EndSingleRace()" file="single-race.go:126"
time="2024-01-30T04:43:58+06:00" level=error msg="unable to insert to moderation table due to ERROR: null value in column \"sent_at\" of relation \"moderation\" violates not-null constraint (SQLSTATE 23502)" func="github.com/MamushevArup/typeracer/internal/repository/postgres/contributor.(*repo).Contribute()" file="contributor.go:33"
time="2024-01-30T04:44:50+06:00" level=error msg="unable to create a connection listen tcp: address 1000: missing port in address" func="main.main()" file="app.go:77"
time="2024-01-30T04:45:52+06:00" level=error msg="unable to insert to moderation table due to ERROR: insert or update on table \"moderation\" violates foreign key constraint \"moderation_racer_id_fkey\" (SQLSTATE 23503)" func="github.com/MamushevArup/typeracer/internal/repository/postgres/contributor.(*repo).Contribute()" file="contributor.go:33"
time="2024-01-30T04:49:32+06:00" level=error msg="unable to insert to moderation table due to ERROR: insert or update on table \"moderation\" violates foreign key constraint \"moderation_racer_id_fkey\" (SQLSTATE 23503)" func="github.com/MamushevArup/typeracer/internal/repository/postgres/contributor.(*repo).Contribute()" file="contributor.go:35"
time="2024-01-30T04:50:50+06:00" level=error msg="unable to insert to moderation table due to ERROR: insert or update on table \"moderation\" violates foreign key constraint \"moderation_racer_id_fkey\" (SQLSTATE 23503)" func="github.com/MamushevArup/typeracer/internal/repository/postgres/contributor.(*repo).Contribute()" file="contributor.go:35"
time="2024-02-07T13:09:27+06:00" level=info msg="Dive into GetUser method" func="github.com/MamushevArup/typeracer/internal/repository/postgres/authr.(*auth).GetUserPassword()" file="auth.go:28"
time="2024-02-07T17:33:30+06:00" level=info msg="Dive into USER BY EMAIL" func="github.com/MamushevArup/typeracer/internal/repository/postgres/authr.(*auth).UserByEmail()" file="auth.go:27"
time="2024-02-07T17:36:36+06:00" level=info msg="Dive into USER BY EMAIL" func="github.com/MamushevArup/typeracer/internal/repository/postgres/authr.(*auth).UserByEmail()" file="auth.go:27"
time="2024-02-07T17:39:32+06:00" level=info msg="Dive into USER BY EMAIL" func="github.com/MamushevArup/typeracer/internal/repository/postgres/authr.(*auth).UserByEmail()" file="auth.go:27"
time="2024-02-07T17:40:59+06:00" level=info msg="Dive into USER BY EMAIL" func="github.com/MamushevArup/typeracer/internal/repository/postgres/authr.(*auth).UserByEmail()" file="auth.go:27"
time="2024-02-07T17:42:21+06:00" level=info msg="Dive into USER BY EMAIL" func="github.com/MamushevArup/typeracer/internal/repository/postgres/authr.(*auth).UserByEmail()" file="auth.go:27"
time="2024-02-07T17:43:35+06:00" level=info msg="Dive into USER BY EMAIL" func="github.com/MamushevArup/typeracer/internal/repository/postgres/authr.(*auth).UserByEmail()" file="auth.go:27"
time="2024-02-07T17:44:51+06:00" level=info msg="Dive into USER BY EMAIL" func="github.com/MamushevArup/typeracer/internal/repository/postgres/authr.(*auth).UserByEmail()" file="auth.go:27"
time="2024-02-07T17:45:52+06:00" level=info msg="Dive into USER BY EMAIL" func="github.com/MamushevArup/typeracer/internal/repository/postgres/authr.(*auth).UserByEmail()" file="auth.go:27"
time="2024-02-07T17:46:51+06:00" level=info msg="Dive into USER BY EMAIL" func="github.com/MamushevArup/typeracer/internal/repository/postgres/authr.(*auth).UserByEmail()" file="auth.go:27"
time="2024-02-07T17:47:35+06:00" level=info msg="Dive into USER BY EMAIL" func="github.com/MamushevArup/typeracer/internal/repository/postgres/authr.(*auth).UserByEmail()" file="auth.go:27"
time="2024-02-07T19:48:11+06:00" level=info msg="Dive into USER BY EMAIL" func="github.com/MamushevArup/typeracer/internal/repository/postgres/authr.(*auth).UserByEmail()" file="auth.go:27"
time="2024-02-07T21:38:46+06:00" level=info msg="Dive into USER BY EMAIL" func="github.com/MamushevArup/typeracer/internal/repository/postgres/authr.(*auth).UserByEmail()" file="auth.go:27"
time="2024-02-07T21:42:15+06:00" level=info msg="Dive into USER BY EMAIL" func="github.com/MamushevArup/typeracer/internal/repository/postgres/authr.(*auth).UserByEmail()" file="auth.go:27"
time="2024-02-07T21:44:35+06:00" level=info msg="Dive into USER BY EMAIL" func="github.com/MamushevArup/typeracer/internal/repository/postgres/authr.(*auth).UserByEmail()" file="auth.go:27"
time="2024-02-07T21:45:15+06:00" level=info msg="Dive into USER BY EMAIL" func="github.com/MamushevArup/typeracer/internal/repository/postgres/authr.(*auth).UserByEmail()" file="auth.go:27"
time="2024-02-07T21:46:08+06:00" level=info msg="Dive into USER BY EMAIL" func="github.com/MamushevArup/typeracer/internal/repository/postgres/authr.(*auth).UserByEmail()" file="auth.go:27"
time="2024-02-07T21:47:16+06:00" level=info msg="in user by email method repo layer" func="github.com/MamushevArup/typeracer/internal/repository/postgres/authr.(*auth).UserByEmail()" file="auth.go:27"
time="2024-02-07T22:15:31+06:00" level=info msg="in user by email method repo layer" func="github.com/MamushevArup/typeracer/internal/repository/postgres/authr.(*auth).UserByEmail()" file="auth.go:27"
time="2024-02-07T22:16:10+06:00" level=info msg="in user by email method repo layer" func="github.com/MamushevArup/typeracer/internal/repository/postgres/authr.(*auth).UserByEmail()" file="auth.go:27"
time="2024-02-07T22:17:56+06:00" level=info msg="in user by email method repo layer" func="github.com/MamushevArup/typeracer/internal/repository/postgres/authr.(*auth).UserByEmail()" file="auth.go:27"
time="2024-02-07T22:22:58+06:00" level=info msg="in user by email method repo layer" func="github.com/MamushevArup/typeracer/internal/repository/postgres/authr.(*auth).UserByEmail()" file="auth.go:27"
time="2024-02-07T22:26:51+06:00" level=info msg="in user by email method repo layer" func="github.com/MamushevArup/typeracer/internal/repository/postgres/authr.(*auth).UserByEmail()" file="auth.go:27"
time="2024-02-07T22:27:23+06:00" level=info msg="in user by email method repo layer" func="github.com/MamushevArup/typeracer/internal/repository/postgres/authr.(*auth).UserByEmail()" file="auth.go:27"
time="2024-02-07T22:34:58+06:00" level=info msg="in user by email method repo layer" func="github.com/MamushevArup/typeracer/internal/repository/postgres/authr.(*auth).UserByEmail()" file="auth.go:27"
time="2024-02-07T22:44:25+06:00" level=info msg="in user by email method repo layer" func="github.com/MamushevArup/typeracer/internal/repository/postgres/authr.(*auth).UserByEmail()" file="auth.go:27"
time="2024-02-08T01:47:36+06:00" level=info msg="in user by email method repo layer" func="github.com/MamushevArup/typeracer/internal/repository/postgres/authr.(*auth).UserByEmail()" file="auth.go:46"
time="2024-02-08T01:47:36+06:00" level=error msg="error with insert ОШИБКА: значение NULL в столбце \"avatar\" отношения \"racer\" нарушает ограничение NOT NULL (SQLSTATE 23502)" func="github.com/MamushevArup/typeracer/internal/repository/postgres/authr.(*auth).InsertUser()" file="auth.go:35"
time="2024-02-08T02:05:38+06:00" level=info msg="in user by email method repo layer" func="github.com/MamushevArup/typeracer/internal/repository/postgres/authr.(*auth).UserByEmail()" file="auth.go:66"
time="2024-02-08T02:05:38+06:00" level=error msg="error with insert failed to encode args[1]: unable to encode time.Date(2024, time.February, 8, 2, 5, 38, 246951100, time.Local) into binary format for uuid (OID 2950): cannot find encode plan" func="github.com/MamushevArup/typeracer/internal/repository/postgres/authr.(*auth).InsertUser()" file="auth.go:51"
time="2024-02-08T02:07:58+06:00" level=info msg="in user by email method repo layer" func="github.com/MamushevArup/typeracer/internal/repository/postgres/authr.(*auth).UserByEmail()" file="auth.go:66"
time="2024-02-08T02:10:50+06:00" level=info msg="in user by email method repo layer" func="github.com/MamushevArup/typeracer/internal/repository/postgres/authr.(*auth).UserByEmail()" file="auth.go:66"
time="2024-02-08T02:12:49+06:00" level=info msg="in user by email method repo layer" func="github.com/MamushevArup/typeracer/internal/repository/postgres/authr.(*auth).UserByEmail()" file="auth.go:66"
time="2024-02-08T02:13:17+06:00" level=info msg="in user by email method repo layer" func="github.com/MamushevArup/typeracer/internal/repository/postgres/authr.(*auth).UserByEmail()" file="auth.go:66"
time="2024-02-08T15:32:10+06:00" level=info msg="in user by email method repo layer" func="github.com/MamushevArup/typeracer/internal/repository/postgres/authr.(*auth).UserByEmail()" file="auth.go:66"
time="2024-02-08T15:52:11+06:00" level=info msg="in user by email method repo layer" func="github.com/MamushevArup/typeracer/internal/repository/postgres/authr.(*auth).UserByEmail()" file="auth.go:66"
time="2024-02-08T15:52:11+06:00" level=error msg="can't get racer data ERROR: relation \"racer\" does not exist (SQLSTATE 42P01)" func="github.com/MamushevArup/typeracer/internal/repository/postgres/authr.(*auth).UserByEmail()" file="auth.go:71"
time="2024-02-08T16:52:20+06:00" level=info msg="in user by email method repo layer" func="github.com/MamushevArup/typeracer/internal/repository/postgres/authr.(*auth).UserByEmail()" file="auth.go:66"
time="2024-02-08T16:52:20+06:00" level=error msg="can't get racer data ERROR: relation \"racer\" does not exist (SQLSTATE 42P01)" func="github.com/MamushevArup/typeracer/internal/repository/postgres/authr.(*auth).UserByEmail()" file="auth.go:71"
time="2024-02-08T16:58:51+06:00" level=info msg="in user by email method repo layer" func="github.com/MamushevArup/typeracer/internal/repository/postgres/authr.(*auth).UserByEmail()" file="auth.go:66"
time="2024-02-08T16:58:51+06:00" level=error msg="can't get racer data ERROR: relation \"racer\" does not exist (SQLSTATE 42P01)" func="github.com/MamushevArup/typeracer/internal/repository/postgres/authr.(*auth).UserByEmail()" file="auth.go:71"
time="2024-02-08T21:49:34+06:00" level=error msg="unable to create a connection listen tcp :1000: bind: Only one usage of each socket address (protocol/network address/port) is normally permitted." func="main.main()" file="app.go:84"
time="2024-02-08T21:53:23+06:00" level=info msg="in user by email method repo layer" func="github.com/MamushevArup/typeracer/internal/repository/postgres/authr.(*auth).UserByEmail()" file="auth.go:81"
time="2024-02-08T21:54:55+06:00" level=info msg="in user by email method repo layer" func="github.com/MamushevArup/typeracer/internal/repository/postgres/authr.(*auth).UserByEmail()" file="auth.go:81"
time="2024-02-08T21:55:23+06:00" level=info msg="in user by email method repo layer" func="github.com/MamushevArup/typeracer/internal/repository/postgres/authr.(*auth).UserByEmail()" file="auth.go:81"
time="2024-02-08T21:55:23+06:00" level=info msg="Dive into GetUser method" func="github.com/MamushevArup/typeracer/internal/repository/postgres/authr.(*auth).GetUserPasswordByEmail()" file="auth.go:96"
time="2024-02-08T21:55:33+06:00" level=info msg="in user by email method repo layer" func="github.com/MamushevArup/typeracer/internal/repository/postgres/authr.(*auth).UserByEmail()" file="auth.go:81"
time="2024-02-08T21:56:13+06:00" level=info msg="in user by email method repo layer" func="github.com/MamushevArup/typeracer/internal/repository/postgres/authr.(*auth).UserByEmail()" file="auth.go:81"
time="2024-02-08T21:56:13+06:00" level=info msg="Dive into GetUser method" func="github.com/MamushevArup/typeracer/internal/repository/postgres/authr.(*auth).GetUserPasswordByEmail()" file="auth.go:96"
time="2024-02-08T21:56:25+06:00" level=info msg="in user by email method repo layer" func="github.com/MamushevArup/typeracer/internal/repository/postgres/authr.(*auth).UserByEmail()" file="auth.go:81"
time="2024-02-08T21:56:25+06:00" level=info msg="Dive into GetUser method" func="github.com/MamushevArup/typeracer/internal/repository/postgres/authr.(*auth).GetUserPasswordByEmail()" file="auth.go:96"
time="2024-02-08T21:58:05+06:00" level=info msg="in user by email method repo layer" func="github.com/MamushevArup/typeracer/internal/repository/postgres/authr.(*auth).UserByEmail()" file="auth.go:81"
time="2024-02-08T21:58:05+06:00" level=info msg="Dive into GetUser method" func="github.com/MamushevArup/typeracer/internal/repository/postgres/authr.(*auth).GetUserPasswordByEmail()" file="auth.go:96"
time="2024-02-08T21:58:34+06:00" level=info msg="in user by email method repo layer" func="github.com/MamushevArup/typeracer/internal/repository/postgres/authr.(*auth).UserByEmail()" file="auth.go:81"
time="2024-02-08T21:58:34+06:00" level=info msg="Dive into GetUser method" func="github.com/MamushevArup/typeracer/internal/repository/postgres/authr.(*auth).GetUserPasswordByEmail()" file="auth.go:96"
time="2024-02-08T21:59:20+06:00" level=info msg="in user by email method repo layer" func="github.com/MamushevArup/typeracer/internal/repository/postgres/authr.(*auth).UserByEmail()" file="auth.go:81"
time="2024-02-08T21:59:26+06:00" level=info msg="in user by email method repo layer" func="github.com/MamushevArup/typeracer/internal/repository/postgres/authr.(*auth).UserByEmail()" file="auth.go:81"
time="2024-02-08T21:59:26+06:00" level=info msg="Dive into GetUser method" func="github.com/MamushevArup/typeracer/internal/repository/postgres/authr.(*auth).GetUserPasswordByEmail()" file="auth.go:96"
time="2024-02-08T21:59:33+06:00" level=info msg="in user by email method repo layer" func="github.com/MamushevArup/typeracer/internal/repository/postgres/authr.(*auth).UserByEmail()" file="auth.go:81"
time="2024-02-08T21:59:33+06:00" level=info msg="Dive into GetUser method" func="github.com/MamushevArup/typeracer/internal/repository/postgres/authr.(*auth).GetUserPasswordByEmail()" file="auth.go:96"
time="2024-02-08T21:59:57+06:00" level=info msg="in user by email method repo layer" func="github.com/MamushevArup/typeracer/internal/repository/postgres/authr.(*auth).UserByEmail()" file="auth.go:81"
time="2024-02-08T21:59:57+06:00" level=info msg="Dive into GetUser method" func="github.com/MamushevArup/typeracer/internal/repository/postgres/authr.(*auth).GetUserPasswordByEmail()" file="auth.go:96"
time="2024-02-08T23:12:11+06:00" level=info msg="in user by email method repo layer" func="github.com/MamushevArup/typeracer/internal/repository/postgres/authr.(*auth).UserByEmail()" file="auth.go:82"
time="2024-02-08T23:12:11+06:00" level=info msg="Dive into GetUser method" func="github.com/MamushevArup/typeracer/internal/repository/postgres/authr.(*auth).GetUserPasswordByEmail()" file="auth.go:97"
time="2024-02-08T23:12:18+06:00" level=info msg="in user by email method repo layer" func="github.com/MamushevArup/typeracer/internal/repository/postgres/authr.(*auth).UserByEmail()" file="auth.go:82"
time="2024-02-08T23:12:18+06:00" level=info msg="Dive into GetUser method" func="github.com/MamushevArup/typeracer/internal/repository/postgres/authr.(*auth).GetUserPasswordByEmail()" file="auth.go:97"
time="2024-02-08T23:14:12+06:00" level=info msg="in user by email method repo layer" func="github.com/MamushevArup/typeracer/internal/repository/postgres/authr.(*auth).UserByEmail()" file="auth.go:82"
time="2024-02-08T23:14:12+06:00" level=info msg="Dive into GetUser method" func="github.com/MamushevArup/typeracer/internal/repository/postgres/authr.(*auth).GetUserPasswordByEmail()" file="auth.go:97"
time="2024-02-08T23:23:01+06:00" level=info msg="in user by email method repo layer" func="github.com/MamushevArup/typeracer/internal/repository/postgres/authr.(*auth).UserByEmail()" file="auth.go:88"
time="2024-02-08T23:23:01+06:00" level=info msg="Dive into GetUser method" func="github.com/MamushevArup/typeracer/internal/repository/postgres/authr.(*auth).GetUserPasswordByEmail()" file="auth.go:103"
time="2024-02-08T23:23:45+06:00" level=info msg="in user by email method repo layer" func="github.com/MamushevArup/typeracer/internal/repository/postgres/authr.(*auth).UserByEmail()" file="auth.go:88"
time="2024-02-08T23:23:45+06:00" level=info msg="Dive into GetUser method" func="github.com/MamushevArup/typeracer/internal/repository/postgres/authr.(*auth).GetUserPasswordByEmail()" file="auth.go:103"
time="2024-02-08T23:23:54+06:00" level=info msg="in user by email method repo layer" func="github.com/MamushevArup/typeracer/internal/repository/postgres/authr.(*auth).UserByEmail()" file="auth.go:88"
time="2024-02-08T23:23:54+06:00" level=info msg="Dive into GetUser method" func="github.com/MamushevArup/typeracer/internal/repository/postgres/authr.(*auth).GetUserPasswordByEmail()" file="auth.go:103"
time="2024-02-08T23:25:38+06:00" level=info msg="in user by email method repo layer" func="github.com/MamushevArup/typeracer/internal/repository/postgres/authr.(*auth).UserByEmail()" file="auth.go:77"
time="2024-02-08T23:25:38+06:00" level=info msg="Dive into GetUser method" func="github.com/MamushevArup/typeracer/internal/repository/postgres/authr.(*auth).GetUserPasswordByEmail()" file="auth.go:92"
time="2024-02-08T23:25:54+06:00" level=info msg="in user by email method repo layer" func="github.com/MamushevArup/typeracer/internal/repository/postgres/authr.(*auth).UserByEmail()" file="auth.go:77"
time="2024-02-08T23:25:54+06:00" level=info msg="Dive into GetUser method" func="github.com/MamushevArup/typeracer/internal/repository/postgres/authr.(*auth).GetUserPasswordByEmail()" file="auth.go:92"
time="2024-02-08T23:26:43+06:00" level=info msg="in user by email method repo layer" func="github.com/MamushevArup/typeracer/internal/repository/postgres/authr.(*auth).UserByEmail()" file="auth.go:77"
time="2024-02-08T23:26:43+06:00" level=info msg="Dive into GetUser method" func="github.com/MamushevArup/typeracer/internal/repository/postgres/authr.(*auth).GetUserPasswordByEmail()" file="auth.go:92"
time="2024-02-08T23:26:47+06:00" level=info msg="in user by email method repo layer" func="github.com/MamushevArup/typeracer/internal/repository/postgres/authr.(*auth).UserByEmail()" file="auth.go:77"
time="2024-02-08T23:26:47+06:00" level=info msg="Dive into GetUser method" func="github.com/MamushevArup/typeracer/internal/repository/postgres/authr.(*auth).GetUserPasswordByEmail()" file="auth.go:92"
time="2024-02-08T23:27:25+06:00" level=info msg="in user by email method repo layer" func="github.com/MamushevArup/typeracer/internal/repository/postgres/authr.(*auth).UserByEmail()" file="auth.go:77"
time="2024-02-08T23:27:30+06:00" level=info msg="in user by email method repo layer" func="github.com/MamushevArup/typeracer/internal/repository/postgres/authr.(*auth).UserByEmail()" file="auth.go:77"
time="2024-02-08T23:27:30+06:00" level=info msg="Dive into GetUser method" func="github.com/MamushevArup/typeracer/internal/repository/postgres/authr.(*auth).GetUserPasswordByEmail()" file="auth.go:92"
time="2024-02-08T23:27:53+06:00" level=info msg="in user by email method repo layer" func="github.com/MamushevArup/typeracer/internal/repository/postgres/authr.(*auth).UserByEmail()" file="auth.go:77"
time="2024-02-08T23:27:53+06:00" level=info msg="Dive into GetUser method" func="github.com/MamushevArup/typeracer/internal/repository/postgres/authr.(*auth).GetUserPasswordByEmail()" file="auth.go:92"
time="2024-02-08T23:29:45+06:00" level=info msg="in user by email method repo layer" func="github.com/MamushevArup/typeracer/internal/repository/postgres/authr.(*auth).UserByEmail()" file="auth.go:77"
time="2024-02-08T23:29:45+06:00" level=info msg="Dive into GetUser method" func="github.com/MamushevArup/typeracer/internal/repository/postgres/authr.(*auth).GetUserPasswordByEmail()" file="auth.go:92"
time="2024-02-08T23:29:55+06:00" level=info msg="in user by email method repo layer" func="github.com/MamushevArup/typeracer/internal/repository/postgres/authr.(*auth).UserByEmail()" file="auth.go:77"
time="2024-02-08T23:29:55+06:00" level=info msg="Dive into GetUser method" func="github.com/MamushevArup/typeracer/internal/repository/postgres/authr.(*auth).GetUserPasswordByEmail()" file="auth.go:92"
time="2024-02-08T23:30:02+06:00" level=info msg="in user by email method repo layer" func="github.com/MamushevArup/typeracer/internal/repository/postgres/authr.(*auth).UserByEmail()" file="auth.go:77"
time="2024-02-08T23:30:02+06:00" level=info msg="Dive into GetUser method" func="github.com/MamushevArup/typeracer/internal/repository/postgres/authr.(*auth).GetUserPasswordByEmail()" file="auth.go:92"
time="2024-02-09T12:32:33+06:00" level=info msg="in user by email method repo layer" func="github.com/MamushevArup/typeracer/internal/repository/postgres/authr.(*auth).UserByEmail()" file="auth.go:77"
time="2024-02-09T12:32:33+06:00" level=info msg="Dive into GetUser method" func="github.com/MamushevArup/typeracer/internal/repository/postgres/authr.(*auth).GetUserPasswordByEmail()" file="auth.go:92"
time="2024-02-09T12:38:28+06:00" level=info msg="in user by email method repo layer" func="github.com/MamushevArup/typeracer/internal/repository/postgres/authr.(*auth).UserByEmail()" file="auth.go:77"
time="2024-02-09T12:38:28+06:00" level=info msg="Dive into GetUser method" func="github.com/MamushevArup/typeracer/internal/repository/postgres/authr.(*auth).GetUserPasswordByEmail()" file="auth.go:92"
time="2024-02-12T03:05:54+06:00" level=info msg="in user by email method repo layer" func="github.com/MamushevArup/typeracer/internal/repository/postgres/authr.(*auth).UserByEmail()" file="auth.go:79"
time="2024-02-12T03:05:54+06:00" level=info msg="Dive into GetUser method" func="github.com/MamushevArup/typeracer/internal/repository/postgres/authr.(*auth).GetUserPasswordByEmail()" file="auth.go:94"
time="2024-02-12T03:06:40+06:00" level=info msg="in user by email method repo layer" func="github.com/MamushevArup/typeracer/internal/repository/postgres/authr.(*auth).UserByEmail()" file="auth.go:79"
time="2024-02-12T03:06:40+06:00" level=info msg="Dive into GetUser method" func="github.com/MamushevArup/typeracer/internal/repository/postgres/authr.(*auth).GetUserPasswordByEmail()" file="auth.go:94"
time="2024-02-12T03:07:00+06:00" level=info msg="in user by email method repo layer" func="github.com/MamushevArup/typeracer/internal/repository/postgres/authr.(*auth).UserByEmail()" file="auth.go:79"
time="2024-02-12T03:07:00+06:00" level=info msg="Dive into GetUser method" func="github.com/MamushevArup/typeracer/internal/repository/postgres/authr.(*auth).GetUserPasswordByEmail()" file="auth.go:94"
time="2024-02-12T03:07:09+06:00" level=info msg="in user by email method repo layer" func="github.com/MamushevArup/typeracer/internal/repository/postgres/authr.(*auth).UserByEmail()" file="auth.go:79"
time="2024-02-12T03:07:09+06:00" level=info msg="Dive into GetUser method" func="github.com/MamushevArup/typeracer/internal/repository/postgres/authr.(*auth).GetUserPasswordByEmail()" file="auth.go:94"
time="2024-02-12T03:07:15+06:00" level=info msg="in user by email method repo layer" func="github.com/MamushevArup/typeracer/internal/repository/postgres/authr.(*auth).UserByEmail()" file="auth.go:79"
time="2024-02-12T03:07:15+06:00" level=info msg="Dive into GetUser method" func="github.com/MamushevArup/typeracer/internal/repository/postgres/authr.(*auth).GetUserPasswordByEmail()" file="auth.go:94"
time="2024-02-12T03:08:02+06:00" level=info msg="error is scany: query multiple result rows: ОШИБКА: столбец \"refresh\" не существует (SQLSTATE 42703)" func="github.com/MamushevArup/typeracer/internal/repository/postgres/authr.(*auth).Fingerprint()" file="auth.go:120"
time="2024-02-12T03:08:29+06:00" level=info msg="error is scanning all: parsing slice destination: scany: destination must be a slice, got: models.RacerAuth" func="github.com/MamushevArup/typeracer/internal/repository/postgres/authr.(*auth).Fingerprint()" file="auth.go:120"
time="2024-02-12T03:09:20+06:00" level=info msg="error is scanning one: no rows in result set" func="github.com/MamushevArup/typeracer/internal/repository/postgres/authr.(*auth).Fingerprint()" file="auth.go:120"
time="2024-02-12T03:10:41+06:00" level=info msg="error is scanning one: no rows in result set" func="github.com/MamushevArup/typeracer/internal/repository/postgres/authr.(*auth).Fingerprint()" file="auth.go:120"
time="2024-02-12T03:10:58+06:00" level=info msg="in user by email method repo layer" func="github.com/MamushevArup/typeracer/internal/repository/postgres/authr.(*auth).UserByEmail()" file="auth.go:79"
time="2024-02-12T03:10:58+06:00" level=info msg="Dive into GetUser method" func="github.com/MamushevArup/typeracer/internal/repository/postgres/authr.(*auth).GetUserPasswordByEmail()" file="auth.go:94"
time="2024-02-12T03:11:16+06:00" level=info msg="error is scanning one: no rows in result set" func="github.com/MamushevArup/typeracer/internal/repository/postgres/authr.(*auth).Fingerprint()" file="auth.go:120"
time="2024-02-12T03:11:41+06:00" level=info msg="in user by email method repo layer" func="github.com/MamushevArup/typeracer/internal/repository/postgres/authr.(*auth).UserByEmail()" file="auth.go:79"
time="2024-02-12T03:11:41+06:00" level=info msg="Dive into GetUser method" func="github.com/MamushevArup/typeracer/internal/repository/postgres/authr.(*auth).GetUserPasswordByEmail()" file="auth.go:94"
time="2024-02-12T03:12:38+06:00" level=info msg="error is scanning one: no rows in result set" func="github.com/MamushevArup/typeracer/internal/repository/postgres/authr.(*auth).Fingerprint()" file="auth.go:120"
time="2024-02-12T03:17:15+06:00" level=info msg="error is scanning one: scanning: doing scan: scanFn: scany: column: 'user_id': no corresponding field found, or it's unexported in models.RacerAuth" func="github.com/MamushevArup/typeracer/internal/repository/postgres/authr.(*auth).Fingerprint()" file="auth.go:120"
time="2024-02-12T03:18:38+06:00" level=info msg="error is scanning one: no rows in result set" func="github.com/MamushevArup/typeracer/internal/repository/postgres/authr.(*auth).Fingerprint()" file="auth.go:120"
time="2024-02-12T03:18:48+06:00" level=info msg="in user by email method repo layer" func="github.com/MamushevArup/typeracer/internal/repository/postgres/authr.(*auth).UserByEmail()" file="auth.go:79"
time="2024-02-12T03:18:48+06:00" level=info msg="Dive into GetUser method" func="github.com/MamushevArup/typeracer/internal/repository/postgres/authr.(*auth).GetUserPasswordByEmail()" file="auth.go:94"
time="2024-02-12T03:19:26+06:00" level=info msg="error is scanning one: scanning: doing scan: scanFn: scany: column: 'user_id': no corresponding field found, or it's unexported in models.RacerAuth" func="github.com/MamushevArup/typeracer/internal/repository/postgres/authr.(*auth).Fingerprint()" file="auth.go:120"
time="2024-02-12T03:20:13+06:00" level=info msg="in user by email method repo layer" func="github.com/MamushevArup/typeracer/internal/repository/postgres/authr.(*auth).UserByEmail()" file="auth.go:79"
time="2024-02-12T03:20:13+06:00" level=info msg="Dive into GetUser method" func="github.com/MamushevArup/typeracer/internal/repository/postgres/authr.(*auth).GetUserPasswordByEmail()" file="auth.go:94"
time="2024-02-12T03:20:32+06:00" level=info msg="error is <nil>" func="github.com/MamushevArup/typeracer/internal/repository/postgres/authr.(*auth).Fingerprint()" file="auth.go:120"
time="2024-02-12T03:21:49+06:00" level=info msg="error is <nil>" func="github.com/MamushevArup/typeracer/internal/repository/postgres/authr.(*auth).Fingerprint()" file="auth.go:120"
time="2024-02-14T13:46:22+06:00" level=info msg="error is <nil>" func="github.com/MamushevArup/typeracer/internal/repository/postgres/authr.(*auth).Fingerprint()" file="auth.go:120"
time="2024-02-14T14:55:52+06:00" level=info msg="in user by email method repo layer" func="github.com/MamushevArup/typeracer/internal/repository/postgres/authr.(*auth).UserByEmail()" file="auth.go:91"
time="2024-02-14T14:56:13+06:00" level=info msg="error is <nil>" func="github.com/MamushevArup/typeracer/internal/repository/postgres/authr.(*auth).Fingerprint()" file="auth.go:132"
time="2024-02-14T14:57:31+06:00" level=info msg="error is scanning one: no rows in result set" func="github.com/MamushevArup/typeracer/internal/repository/postgres/authr.(*auth).Fingerprint()" file="auth.go:132"
